cbm_hbi_hbi                                       04-Nov-2020 14:44:24
Running hierarchical bayesian inference (HBI)...

HBI has been initialized according to
	./output/lap_random.mat [for model 1]
	./output/lap_io_jump.mat [for model 2]
 
Number of samples: 1
Number of models: 2
======================================================================
Iteration 01
Iteration 02
	model frequencies (percent)
	model 1: 83.8| model 2: 16.2| 
                                                           dL:    1.63
                                                           dm:   16.20
                                                           dx:    0.64
Iteration 03
	model frequencies (percent)
	model 1: 93.6| model 2: 6.4| 
                                                           dL:    1.05
                                                           dm:    9.81
                                                           dx:    3.68
Iteration 04
