cbm_hbi_hbi                                       05-Nov-2020 12:36:05
Running hierarchical bayesian inference (HBI)...

HBI has been initialized according to
	./output/lap_random.mat [for model 1]
	./output/lap_subjects_io_fixed_freq.mat [for model 2]
	./output/lap_subjects_io_fixed_trans.mat [for model 3]
	./output/lap_subjects_io_jump_freq.mat [for model 4]
 
Number of samples: 1
Number of models: 4
======================================================================
Iteration 01
Iteration 02
	model frequencies (percent)
	model 1: 67.3| model 2: 8.4| model 3: 8.9| model 4: 15.3| 
                                                           dL:   18.06
                                                           dm: 3432.70
                                                           dx:    0.01
Iteration 03
	model frequencies (percent)
	model 1: 82.3| model 2: 3.7| model 3: 4.0| model 4: 10.0| 
                                                           dL:    3.35
                                                           dm:   15.00
                                                           dx:    2.19
Iteration 04
	model frequencies (percent)
	model 1: 86.0| model 2: 2.9| model 3: 3.1| model 4: 8.0| 
                                                           dL:    0.85
                                                           dm:    3.70
                                                           dx:    7.57
Iteration 05
	model frequencies (percent)
	model 1: 86.9| model 2: 2.7| model 3: 2.9| model 4: 7.5| 
                                                           dL:    0.37
                                                           dm:    0.88
                                                           dx:    3.32
Iteration 06
	model frequencies (percent)
	model 1: 87.1| model 2: 2.7| model 3: 2.9| model 4: 7.3| 
                                                           dL:    0.33
                                                           dm:    0.22
                                                           dx:    0.15
Iteration 07
	model frequencies (percent)
	model 1: 87.1| model 2: 2.7| model 3: 2.9| model 4: 7.3| 
                                                           dL:    0.28
                                                           dm:    0.05
                                                           dx:    0.00
                                                          Converged :]
